  Lpch.cpp
C:\Users\natha\Desktop\Code\WIP\LabyrinthEngine\Labyrinth\src\Labyrinth\Core\Platforms.h(6,1): warning C4005: 'LAB_PLATFORM_WINDOWS': macro redefinition
C:\Users\natha\Desktop\Code\WIP\LabyrinthEngine\Labyrinth\src\Lpch.cpp : message : see previous definition of 'LAB_PLATFORM_WINDOWS'
  Application.cpp
C:\Users\natha\Desktop\Code\WIP\LabyrinthEngine\Labyrinth\src\Labyrinth\Core\Log.h(23,42): warning C4251: 'Labyrinth::Log::sCoreLogger': class 'std::shared_ptr<spdlog::logger>' needs to have dll-interface to be used by clients of class 'Labyrinth::Log'
C:\Users\natha\Desktop\Code\WIP\LabyrinthEngine\Labyrinth\dependencies\spdlog\include\spdlog\details\registry.h(34): message : see declaration of 'std::shared_ptr<spdlog::logger>'
C:\Users\natha\Desktop\Code\WIP\LabyrinthEngine\Labyrinth\src\Labyrinth\Core\Log.h(24,42): warning C4251: 'Labyrinth::Log::sClientLogger': class 'std::shared_ptr<spdlog::logger>' needs to have dll-interface to be used by clients of class 'Labyrinth::Log'
C:\Users\natha\Desktop\Code\WIP\LabyrinthEngine\Labyrinth\dependencies\spdlog\include\spdlog\details\registry.h(34): message : see declaration of 'std::shared_ptr<spdlog::logger>'
  Log.cpp
C:\Users\natha\Desktop\Code\WIP\LabyrinthEngine\Labyrinth\src\Labyrinth\Core\Log.h(23,42): warning C4251: 'Labyrinth::Log::sCoreLogger': class 'std::shared_ptr<spdlog::logger>' needs to have dll-interface to be used by clients of class 'Labyrinth::Log'
C:\Users\natha\Desktop\Code\WIP\LabyrinthEngine\Labyrinth\dependencies\spdlog\include\spdlog\details\registry.h(34): message : see declaration of 'std::shared_ptr<spdlog::logger>'
C:\Users\natha\Desktop\Code\WIP\LabyrinthEngine\Labyrinth\src\Labyrinth\Core\Log.h(24,42): warning C4251: 'Labyrinth::Log::sClientLogger': class 'std::shared_ptr<spdlog::logger>' needs to have dll-interface to be used by clients of class 'Labyrinth::Log'
C:\Users\natha\Desktop\Code\WIP\LabyrinthEngine\Labyrinth\dependencies\spdlog\include\spdlog\details\registry.h(34): message : see declaration of 'std::shared_ptr<spdlog::logger>'
  ColliderComponent.cpp
  Component.cpp
  KeyboardController.cpp
  SpriteComponent.cpp
  TileComponent.cpp
  TransformComponent.cpp
  Vector2D.cpp
  AssetManager.cpp
  CollisionSystem.cpp
  InputManager.cpp
  MapSystem.cpp
  PhysicsEngine.cpp
  RenderSystem.cpp
  ScriptEngine.cpp
  Scripts.cpp
  System.cpp
  TextureManager.cpp
  XMLParser.cpp
  Generating Code...
  Compiling...
  Labyrinth.cpp
  Scene.cpp
  main.cpp
  Generating Code...
  Labyrinth.vcxproj -> C:\Users\natha\Desktop\Code\WIP\LabyrinthEngine\bin\Debug-windows-x86_64\Labyrinth\Labyrinth.dll
