c:\users\natha\desktop\code\wip\labyrinthengine\bin\int\debug-windows-x86_64\labyrinth\vector2d.obj
c:\users\natha\desktop\code\wip\labyrinthengine\bin\int\debug-windows-x86_64\labyrinth\vc142.pdb
c:\users\natha\desktop\code\wip\labyrinthengine\bin\int\debug-windows-x86_64\labyrinth\vc142.idb
c:\users\natha\desktop\code\wip\labyrinthengine\bin\int\debug-windows-x86_64\labyrinth\main.obj
c:\users\natha\desktop\code\wip\labyrinthengine\bin\int\debug-windows-x86_64\labyrinth\labyrinth.obj
c:\users\natha\desktop\code\wip\labyrinthengine\bin\int\debug-windows-x86_64\labyrinth\texturemanager.obj
c:\users\natha\desktop\code\wip\labyrinthengine\bin\int\debug-windows-x86_64\labyrinth\rendersystem.obj
c:\users\natha\desktop\code\wip\labyrinthengine\bin\int\debug-windows-x86_64\labyrinth\inputmanager.obj
c:\users\natha\desktop\code\wip\labyrinthengine\bin\int\debug-windows-x86_64\labyrinth\system.obj
c:\users\natha\desktop\code\wip\labyrinthengine\bin\int\debug-windows-x86_64\labyrinth\scripts.obj
c:\users\natha\desktop\code\wip\labyrinthengine\bin\int\debug-windows-x86_64\labyrinth\scriptengine.obj
c:\users\natha\desktop\code\wip\labyrinthengine\bin\int\debug-windows-x86_64\labyrinth\physicsengine.obj
c:\users\natha\desktop\code\wip\labyrinthengine\bin\int\debug-windows-x86_64\labyrinth\mapsystem.obj
c:\users\natha\desktop\code\wip\labyrinthengine\bin\int\debug-windows-x86_64\labyrinth\collisionsystem.obj
c:\users\natha\desktop\code\wip\labyrinthengine\bin\int\debug-windows-x86_64\labyrinth\assetmanager.obj
c:\users\natha\desktop\code\wip\labyrinthengine\bin\int\debug-windows-x86_64\labyrinth\transformcomponent.obj
c:\users\natha\desktop\code\wip\labyrinthengine\bin\int\debug-windows-x86_64\labyrinth\tilecomponent.obj
c:\users\natha\desktop\code\wip\labyrinthengine\bin\int\debug-windows-x86_64\labyrinth\spritecomponent.obj
c:\users\natha\desktop\code\wip\labyrinthengine\bin\int\debug-windows-x86_64\labyrinth\keyboardcontroller.obj
c:\users\natha\desktop\code\wip\labyrinthengine\bin\int\debug-windows-x86_64\labyrinth\component.obj
c:\users\natha\desktop\code\wip\labyrinthengine\bin\int\debug-windows-x86_64\labyrinth\collidercomponent.obj
c:\users\natha\desktop\code\wip\labyrinthengine\bin\int\debug-windows-x86_64\labyrinth\labyrinth.pch
c:\users\natha\desktop\code\wip\labyrinthengine\bin\int\debug-windows-x86_64\labyrinth\lpch.obj
c:\users\natha\desktop\code\wip\labyrinthengine\bin\int\debug-windows-x86_64\labyrinth\log.obj
c:\users\natha\desktop\code\wip\labyrinthengine\bin\int\debug-windows-x86_64\labyrinth\xmlparser.obj
c:\users\natha\desktop\code\wip\labyrinthengine\bin\int\debug-windows-x86_64\labyrinth\application.obj
c:\users\natha\desktop\code\wip\labyrinthengine\bin\int\debug-windows-x86_64\labyrinth\scene.obj
c:\users\natha\desktop\code\wip\labyrinthengine\bin\debug-windows-x86_64\labyrinth\labyrinth.lib
c:\users\natha\desktop\code\wip\labyrinthengine\bin\debug-windows-x86_64\labyrinth\labyrinth.exp
c:\users\natha\desktop\code\wip\labyrinthengine\bin\debug-windows-x86_64\labyrinth\labyrinth.dll
c:\users\natha\desktop\code\wip\labyrinthengine\bin\int\debug-windows-x86_64\labyrinth\labyrinth.ilk
c:\users\natha\desktop\code\wip\labyrinthengine\bin\debug-windows-x86_64\labyrinth\labyrinth.pdb
c:\users\natha\desktop\code\wip\labyrinthengine\bin\int\debug-windows-x86_64\labyrinth\labyrinth.tlog\cl.command.1.tlog
c:\users\natha\desktop\code\wip\labyrinthengine\bin\int\debug-windows-x86_64\labyrinth\labyrinth.tlog\cl.read.1.tlog
c:\users\natha\desktop\code\wip\labyrinthengine\bin\int\debug-windows-x86_64\labyrinth\labyrinth.tlog\cl.write.1.tlog
c:\users\natha\desktop\code\wip\labyrinthengine\bin\int\debug-windows-x86_64\labyrinth\labyrinth.tlog\labyrinth.write.1u.tlog
c:\users\natha\desktop\code\wip\labyrinthengine\bin\int\debug-windows-x86_64\labyrinth\labyrinth.tlog\link.47308.delete.1.tlog
c:\users\natha\desktop\code\wip\labyrinthengine\bin\int\debug-windows-x86_64\labyrinth\labyrinth.tlog\link.command.1.tlog
c:\users\natha\desktop\code\wip\labyrinthengine\bin\int\debug-windows-x86_64\labyrinth\labyrinth.tlog\link.delete.1.tlog
c:\users\natha\desktop\code\wip\labyrinthengine\bin\int\debug-windows-x86_64\labyrinth\labyrinth.tlog\link.read.1.tlog
c:\users\natha\desktop\code\wip\labyrinthengine\bin\int\debug-windows-x86_64\labyrinth\labyrinth.tlog\link.write.1.tlog
