  Game.cpp
C:\Users\natha\Desktop\Code\WIP\Labyrinth\inc\ECS\Component.h(6,14): error C4430: missing type specifier - int assumed. Note: C++ does not support default-int
C:\Users\natha\Desktop\Code\WIP\Labyrinth\inc\ECS\Component.h(6,14): error C2143: syntax error: missing ';' before '&'
C:\Users\natha\Desktop\Code\WIP\Labyrinth\inc\ECS\Component.h(6,22): error C2238: unexpected token(s) preceding ';'
C:\Users\natha\Desktop\Code\WIP\Labyrinth\inc\ECS\Component.h(14): error C2327: 'Component::Entity': is not a type name, static, or enumerator
C:\Users\natha\Desktop\Code\WIP\Labyrinth\inc\ECS\Component.h(14,11): error C2327: 'Component::Entity': is not a type name, static, or enumerator
C:\Users\natha\Desktop\Code\WIP\Labyrinth\inc\ECS\Component.h(14,11): error C4430: missing type specifier - int assumed. Note: C++ does not support default-int
C:\Users\natha\Desktop\Code\WIP\Labyrinth\inc\ECS\Component.h(14,24): error C2143: syntax error: missing ',' before '&'
C:\Users\natha\Desktop\Code\WIP\Labyrinth\inc\ECS\Component.h(13,49): error C2789: 'Component::Entity': an object of const-qualified type must be initialized
C:\Users\natha\Desktop\Code\WIP\Labyrinth\inc\ECS\Component.h(6): message : see declaration of 'Component::Entity'
C:\Users\natha\Desktop\Code\WIP\Labyrinth\inc\ECS\Component.h(13,16): error C2614: 'Component': illegal member initialization: 'entity' is not a base or member
C:\Users\natha\Desktop\Code\WIP\Labyrinth\inc\ECS\Component.h(14,11): error C2882: 'entt': illegal use of namespace identifier in expression
C:\Users\natha\Desktop\Code\WIP\Labyrinth\inc\ECS\Component.h(14,80): error C2065: 'reg': undeclared identifier
C:\Users\natha\Desktop\Code\WIP\Labyrinth\inc\ECS\Component.h(14,85): error C2789: 'Component::Entity': an object of const-qualified type must be initialized
C:\Users\natha\Desktop\Code\WIP\Labyrinth\inc\ECS\Component.h(6): message : see declaration of 'Component::Entity'
C:\Users\natha\Desktop\Code\WIP\Labyrinth\inc\ECS\Component.h(14,61): error C2614: 'Component': illegal member initialization: 'entity' is not a base or member
C:\Users\natha\Desktop\Code\WIP\Labyrinth\inc\ECS\VelocityComponent.h(9,19): error C2065: 'entity': undeclared identifier
C:\Users\natha\Desktop\Code\WIP\Labyrinth\inc\ECS\VelocityComponent.h(9,57): error C2059: syntax error: ')'
C:\Users\natha\Desktop\Code\WIP\Labyrinth\inc\ECS\VelocityComponent.h(11,1): error C3536: 'physics': cannot be used before it is initialized
C:\Users\natha\Desktop\Code\WIP\Labyrinth\inc\ECS\TransformComponent.h(13,38): error C2065: 'vel': undeclared identifier
C:\Users\natha\Desktop\Code\WIP\Labyrinth\inc\ECS\TransformComponent.h(14,38): error C2065: 'vel': undeclared identifier
C:\Users\natha\Desktop\Code\WIP\Labyrinth\inc\ECS\Entity.h(8,29): error C2061: syntax error: identifier 'Labyrinth'
C:\Users\natha\Desktop\Code\WIP\Labyrinth\inc\ECS\Entity.h(52,11): error C2143: syntax error: missing ';' before '*'
C:\Users\natha\Desktop\Code\WIP\Labyrinth\inc\ECS\Entity.h(52,11): error C4430: missing type specifier - int assumed. Note: C++ does not support default-int
C:\Users\natha\Desktop\Code\WIP\Labyrinth\inc\ECS\Entity.h(52,19): error C2238: unexpected token(s) preceding ';'
C:\Users\natha\Desktop\Code\WIP\Labyrinth\inc\ECS\Entity.h(15,10): error C3861: 'm_Game': identifier not found
C:\Users\natha\Desktop\Code\WIP\Labyrinth\inc\ECS\Entity.h(12,5): message : This diagnostic occurred in the compiler generated function 'T &Entity::addComponent(Args &&...)'
C:\Users\natha\Desktop\Code\WIP\Labyrinth\inc\ECS\Entity.h(22,3): error C3861: 'm_Game': identifier not found
C:\Users\natha\Desktop\Code\WIP\Labyrinth\inc\ECS\Entity.h(19,7): message : This diagnostic occurred in the compiler generated function 'void Entity::removeComponent(void)'
C:\Users\natha\Desktop\Code\WIP\Labyrinth\inc\ECS\Entity.h(29,10): error C3861: 'm_Game': identifier not found
C:\Users\natha\Desktop\Code\WIP\Labyrinth\inc\ECS\Entity.h(26,5): message : This diagnostic occurred in the compiler generated function 'T &Entity::getComponent(void)'
C:\Users\natha\Desktop\Code\WIP\Labyrinth\inc\ECS\Entity.h(35,10): error C3861: 'm_Game': identifier not found
C:\Users\natha\Desktop\Code\WIP\Labyrinth\inc\ECS\Entity.h(33,7): message : This diagnostic occurred in the compiler generated function 'bool Entity::hasComponent(void)'
C:\Users\natha\Desktop\Code\WIP\Labyrinth\inc\ECS\Entity.h(8,71): error C2065: 'game': undeclared identifier
C:\Users\natha\Desktop\Code\WIP\Labyrinth\inc\ECS\Entity.h(8,64): error C2614: 'Entity': illegal member initialization: 'm_Game' is not a base or member
C:\Users\natha\Desktop\Code\WIP\Labyrinth\inc\ECS\Entity.h(47,3): error C2065: 'm_Game': undeclared identifier
C:\Users\natha\Desktop\Code\WIP\Labyrinth\inc\ECS\Entity.h(47,18): error C2039: 'm_Game': is not a member of 'Entity'
C:\Users\natha\Desktop\Code\WIP\Labyrinth\inc\ECS\Entity.h(5): message : see declaration of 'Entity'
C:\Users\natha\Desktop\Code\WIP\Labyrinth\inc\ECS\SpriteComponent.h(13): error C2327: 'Component::Entity': is not a type name, static, or enumerator
C:\Users\natha\Desktop\Code\WIP\Labyrinth\inc\ECS\SpriteComponent.h(13,36): error C2061: syntax error: identifier 'Entity'
C:\Users\natha\Desktop\Code\WIP\Labyrinth\inc\ECS\SpriteComponent.h(15,1): error C2882: 'entt': illegal use of namespace identifier in expression
C:\Users\natha\Desktop\Code\WIP\Labyrinth\inc\ECS\SpriteComponent.h(15,19): error C2065: 'reg': undeclared identifier
C:\Users\natha\Desktop\Code\WIP\Labyrinth\inc\ECS\SpriteComponent.h(15,1): fatal error C1903: unable to recover from previous error(s); stopping compilation
  INTERNAL COMPILER ERROR in 'D:\Program Files (x86)\Microsoft Visual Studio\2019\Community\VC\Tools\MSVC\14.29.30133\bin\HostX86\x64\CL.exe'
      Please choose the Technical Support command on the Visual C++
      Help menu, or open the Technical Support help file for more information
